2023-06-22 15:03:49,551 INFO o.a.j.u.JMeterUtils: Setting Locale to en_EN
2023-06-22 15:03:49,562 INFO o.a.j.JMeter: Loading user properties from: C:\Users\RAC IT\Desktop\apache-jmeter-5.5\bin\user.properties
2023-06-22 15:03:49,564 INFO o.a.j.JMeter: Loading system properties from: C:\Users\RAC IT\Desktop\apache-jmeter-5.5\bin\system.properties
2023-06-22 15:03:49,570 INFO o.a.j.JMeter: Copyright (c) 1998-2022 The Apache Software Foundation
2023-06-22 15:03:49,571 INFO o.a.j.JMeter: Version 5.5
2023-06-22 15:03:49,571 INFO o.a.j.JMeter: java.version=1.8.0_371
2023-06-22 15:03:49,571 INFO o.a.j.JMeter: java.vm.name=Java HotSpot(TM) 64-Bit Server VM
2023-06-22 15:03:49,571 INFO o.a.j.JMeter: os.name=Windows 11
2023-06-22 15:03:49,571 INFO o.a.j.JMeter: os.arch=amd64
2023-06-22 15:03:49,571 INFO o.a.j.JMeter: os.version=10.0
2023-06-22 15:03:49,571 INFO o.a.j.JMeter: file.encoding=Cp1252
2023-06-22 15:03:49,571 INFO o.a.j.JMeter: java.awt.headless=null
2023-06-22 15:03:49,571 INFO o.a.j.JMeter: Max memory     =1073741824
2023-06-22 15:03:49,571 INFO o.a.j.JMeter: Available Processors =8
2023-06-22 15:03:49,575 INFO o.a.j.JMeter: Default Locale=English (EN)
2023-06-22 15:03:49,575 INFO o.a.j.JMeter: JMeter  Locale=English (EN)
2023-06-22 15:03:49,575 INFO o.a.j.JMeter: JMeterHome=C:\Users\RAC IT\Desktop\apache-jmeter-5.5
2023-06-22 15:03:49,575 INFO o.a.j.JMeter: user.dir  =C:\Users\RAC IT\Desktop\BMS Performance
2023-06-22 15:03:49,575 INFO o.a.j.JMeter: PWD       =C:\Users\RAC IT\Desktop\BMS Performance
2023-06-22 15:03:49,600 INFO o.a.j.JMeter: IP: 10.254.152.98 Name: DESKTOP-J9MPAVI FullName: 10.254.152.98
2023-06-22 15:03:49,620 INFO o.a.j.JMeter: Loaded icon properties from org/apache/jmeter/images/icon.properties
2023-06-22 15:03:49,755 INFO o.a.j.JMeterGuiLauncher: Setting LAF to: com.github.weisj.darklaf.DarkLaf:com.github.weisj.darklaf.theme.DarculaTheme
2023-06-22 15:03:51,455 INFO o.j.r.JARSourceHTTP: Found cached repo
2023-06-22 15:03:51,653 INFO o.j.r.PluginManager: Plugins Status: [jpgc-graphs-basic=2.0, jpgc-plugins-manager=1.7, jpgc-webdriver=3.3, jmeter-core=5.5, jmeter-ftp=5.5, jmeter-http=5.5, jmeter-jdbc=5.5, jmeter-jms=5.5, jmeter-junit=5.5, jmeter-java=5.5, jmeter-ldap=5.5, jmeter-mail=5.5, jmeter-mongodb=5.5, jmeter-native=5.5, jmeter-tcp=5.5, jmeter-components=5.5]
2023-06-22 15:03:51,654 INFO o.j.r.PluginManagerMenuItem: Plugins Manager has upgrades: [jpgc-plugins-manager, jpgc-webdriver]
2023-06-22 15:04:08,035 INFO o.a.j.s.FileServer: Default base='C:\Users\RAC IT\Desktop\BMS Performance'
2023-06-22 15:04:08,038 INFO o.a.j.g.a.Load: Loading file: C:\Users\RAC IT\Desktop\BMS Performance\BMS-Performance.jmx
2023-06-22 15:04:08,039 INFO o.a.j.s.FileServer: Set new base='C:\Users\RAC IT\Desktop\BMS Performance'
2023-06-22 15:04:08,231 INFO o.a.j.s.SaveService: Testplan (JMX) version: 2.2. Testlog (JTL) version: 2.2
2023-06-22 15:04:08,240 INFO o.a.j.s.SaveService: Using SaveService properties file encoding UTF-8
2023-06-22 15:04:08,241 INFO o.a.j.s.SaveService: Using SaveService properties version 5.0
2023-06-22 15:04:08,244 INFO o.a.j.s.SaveService: Loading file: C:\Users\RAC IT\Desktop\BMS Performance\BMS-Performance.jmx
2023-06-22 15:04:08,389 INFO o.a.j.p.h.c.CookieManager: Settings: Delete null: true Check: true Allow variable: true Save: false Prefix: COOKIE_
2023-06-22 15:04:08,391 INFO o.a.j.p.h.c.CacheManager: Will only cache the following methods: [GET]
2023-06-22 15:04:08,425 INFO o.a.j.s.SampleResult: Note: Sample TimeStamps are START times
2023-06-22 15:04:08,425 INFO o.a.j.s.SampleResult: sampleresult.default.encoding is set to ISO-8859-1
2023-06-22 15:04:08,425 INFO o.a.j.s.SampleResult: sampleresult.useNanoTime=true
2023-06-22 15:04:08,425 INFO o.a.j.s.SampleResult: sampleresult.nanoThreadSleep=5000
2023-06-22 15:04:08,972 INFO o.a.j.s.FileServer: Set new base='C:\Users\RAC IT\Desktop\BMS Performance'
2023-06-22 15:17:47,052 INFO o.a.j.e.StandardJMeterEngine: Running the test!
2023-06-22 15:17:47,053 INFO o.a.j.s.SampleEvent: List of sample_variables: []
2023-06-22 15:17:47,053 INFO o.a.j.s.SampleEvent: List of sample_variables: []
2023-06-22 15:17:47,054 INFO o.a.j.e.u.CompoundVariable: Note: Function class names must contain the string: '.functions.'
2023-06-22 15:17:47,055 INFO o.a.j.e.u.CompoundVariable: Note: Function class names must not contain the string: '.gui.'
2023-06-22 15:17:47,407 INFO o.a.j.g.u.JMeterMenuBar: setRunning(true, *local*)
2023-06-22 15:17:47,715 INFO o.a.j.e.StandardJMeterEngine: Starting ThreadGroup: 1 : Scenario-4
2023-06-22 15:17:47,716 INFO o.a.j.e.StandardJMeterEngine: Starting 1 threads for group Scenario-4.
2023-06-22 15:17:47,716 INFO o.a.j.e.StandardJMeterEngine: Thread will continue on error
2023-06-22 15:17:47,716 INFO o.a.j.t.ThreadGroup: Starting thread group... number=1 threads=1 ramp-up=400 delayedStart=false
2023-06-22 15:17:47,720 INFO o.a.j.t.ThreadGroup: Started thread group number 1
2023-06-22 15:17:47,721 INFO o.a.j.e.StandardJMeterEngine: All thread groups have been started
2023-06-22 15:17:47,726 INFO o.a.j.t.JMeterThread: Thread started: Scenario-4 1-1
2023-06-22 15:17:49,287 INFO o.a.j.s.FileServer: Stored: C:\Users\RAC IT\Desktop\BMS Performance\CSV\BMS Users.csv
2023-06-22 15:18:20,666 INFO o.a.j.g.a.Start: Stopping test
2023-06-22 15:18:20,680 INFO o.a.j.t.JMeterThread: Stopping: Scenario-4 1-1
2023-06-22 15:18:20,681 WARN o.a.j.t.JMeterThread: Sampler is not Interruptible: Logout
2023-06-22 15:18:20,691 ERROR c.g.j.p.w.s.WebDriverSampler: java.lang.InterruptedException: sleep interrupted
Build info: version: '3.14.0', revision: 'aacccce0', time: '2018-08-02T20:19:58.91Z'
System info: host: 'DESKTOP-J9MPAVI', ip: '10.254.152.98', os.name: 'Windows 11', os.arch: 'amd64', os.version: '10.0', java.version: '1.8.0_371'
Driver info: driver.version: unknown
2023-06-22 15:18:20,698 ERROR c.g.j.p.w.s.WebDriverSampler: java.io.InterruptedIOException: thread interrupted
Build info: version: '3.14.0', revision: 'aacccce0', time: '2018-08-02T20:19:58.91Z'
System info: host: 'DESKTOP-J9MPAVI', ip: '10.254.152.98', os.name: 'Windows 11', os.arch: 'amd64', os.version: '10.0', java.version: '1.8.0_371'
Driver info: driver.version: RemoteWebDriver
2023-06-22 15:18:20,699 INFO o.a.j.t.JMeterThread: Thread is done: Scenario-4 1-1
2023-06-22 15:18:20,699 INFO o.a.j.t.JMeterThread: Thread finished: Scenario-4 1-1
2023-06-22 15:18:21,331 INFO o.a.j.e.StandardJMeterEngine: Notifying test listeners of end of test
2023-06-22 15:18:21,332 INFO o.a.j.s.FileServer: Close: C:\Users\RAC IT\Desktop\BMS Performance\CSV\BMS Users.csv
2023-06-22 15:18:21,338 INFO o.a.j.g.u.JMeterMenuBar: setRunning(false, *local*)
2023-06-22 15:20:32,900 INFO o.a.j.e.StandardJMeterEngine: Running the test!
2023-06-22 15:20:32,900 INFO o.a.j.s.SampleEvent: List of sample_variables: []
2023-06-22 15:20:32,914 INFO o.a.j.g.u.JMeterMenuBar: setRunning(true, *local*)
2023-06-22 15:20:33,126 INFO o.a.j.e.StandardJMeterEngine: Starting ThreadGroup: 1 : Scenario-4
2023-06-22 15:20:33,126 INFO o.a.j.e.StandardJMeterEngine: Starting 1 threads for group Scenario-4.
2023-06-22 15:20:33,126 INFO o.a.j.e.StandardJMeterEngine: Thread will continue on error
2023-06-22 15:20:33,127 INFO o.a.j.t.ThreadGroup: Starting thread group... number=1 threads=1 ramp-up=400 delayedStart=false
2023-06-22 15:20:33,129 INFO o.a.j.t.ThreadGroup: Started thread group number 1
2023-06-22 15:20:33,129 INFO o.a.j.e.StandardJMeterEngine: All thread groups have been started
2023-06-22 15:20:33,131 INFO o.a.j.t.JMeterThread: Thread started: Scenario-4 1-1
2023-06-22 15:20:34,375 INFO o.a.j.s.FileServer: Stored: C:\Users\RAC IT\Desktop\BMS Performance\CSV\BMS Users.csv
2023-06-22 15:20:54,077 INFO o.a.j.t.JMeterThread: Thread is done: Scenario-4 1-1
2023-06-22 15:20:54,077 INFO o.a.j.t.JMeterThread: Thread finished: Scenario-4 1-1
2023-06-22 15:20:54,714 INFO o.a.j.e.StandardJMeterEngine: Notifying test listeners of end of test
2023-06-22 15:20:54,714 INFO o.a.j.s.FileServer: Close: C:\Users\RAC IT\Desktop\BMS Performance\CSV\BMS Users.csv
2023-06-22 15:20:54,716 INFO o.a.j.g.u.JMeterMenuBar: setRunning(false, *local*)
2023-06-22 15:21:07,154 INFO o.a.j.e.StandardJMeterEngine: Running the test!
2023-06-22 15:21:07,154 INFO o.a.j.s.SampleEvent: List of sample_variables: []
2023-06-22 15:21:07,171 INFO o.a.j.g.u.JMeterMenuBar: setRunning(true, *local*)
2023-06-22 15:21:07,325 INFO o.a.j.e.StandardJMeterEngine: Starting ThreadGroup: 1 : Scenario-4
2023-06-22 15:21:07,325 INFO o.a.j.e.StandardJMeterEngine: Starting 1 threads for group Scenario-4.
2023-06-22 15:21:07,325 INFO o.a.j.e.StandardJMeterEngine: Thread will continue on error
2023-06-22 15:21:07,325 INFO o.a.j.t.ThreadGroup: Starting thread group... number=1 threads=1 ramp-up=400 delayedStart=false
2023-06-22 15:21:07,326 INFO o.a.j.t.ThreadGroup: Started thread group number 1
2023-06-22 15:21:07,326 INFO o.a.j.e.StandardJMeterEngine: All thread groups have been started
2023-06-22 15:21:07,327 INFO o.a.j.t.JMeterThread: Thread started: Scenario-4 1-1
2023-06-22 15:21:08,647 INFO o.a.j.s.FileServer: Stored: C:\Users\RAC IT\Desktop\BMS Performance\CSV\BMS Users.csv
2023-06-22 15:21:28,500 INFO o.a.j.t.JMeterThread: Thread is done: Scenario-4 1-1
2023-06-22 15:21:28,500 INFO o.a.j.t.JMeterThread: Thread finished: Scenario-4 1-1
2023-06-22 15:21:29,133 INFO o.a.j.e.StandardJMeterEngine: Notifying test listeners of end of test
2023-06-22 15:21:29,133 INFO o.a.j.s.FileServer: Close: C:\Users\RAC IT\Desktop\BMS Performance\CSV\BMS Users.csv
2023-06-22 15:21:29,134 INFO o.a.j.g.u.JMeterMenuBar: setRunning(false, *local*)
2023-06-22 15:22:16,282 INFO o.a.j.e.StandardJMeterEngine: Running the test!
2023-06-22 15:22:16,282 INFO o.a.j.s.SampleEvent: List of sample_variables: []
2023-06-22 15:22:16,297 INFO o.a.j.g.u.JMeterMenuBar: setRunning(true, *local*)
2023-06-22 15:22:16,456 INFO o.a.j.e.StandardJMeterEngine: Starting ThreadGroup: 1 : Scenario-4
2023-06-22 15:22:16,456 INFO o.a.j.e.StandardJMeterEngine: Starting 1 threads for group Scenario-4.
2023-06-22 15:22:16,456 INFO o.a.j.e.StandardJMeterEngine: Thread will continue on error
2023-06-22 15:22:16,456 INFO o.a.j.t.ThreadGroup: Starting thread group... number=1 threads=1 ramp-up=5 delayedStart=false
2023-06-22 15:22:16,458 INFO o.a.j.t.ThreadGroup: Started thread group number 1
2023-06-22 15:22:16,458 INFO o.a.j.e.StandardJMeterEngine: All thread groups have been started
2023-06-22 15:22:16,458 INFO o.a.j.t.JMeterThread: Thread started: Scenario-4 1-1
2023-06-22 15:22:17,743 INFO o.a.j.s.FileServer: Stored: C:\Users\RAC IT\Desktop\BMS Performance\CSV\BMS Users.csv
2023-06-22 15:22:37,505 INFO o.a.j.t.JMeterThread: Thread is done: Scenario-4 1-1
2023-06-22 15:22:37,505 INFO o.a.j.t.JMeterThread: Thread finished: Scenario-4 1-1
2023-06-22 15:22:38,167 INFO o.a.j.e.StandardJMeterEngine: Notifying test listeners of end of test
2023-06-22 15:22:38,167 INFO o.a.j.s.FileServer: Close: C:\Users\RAC IT\Desktop\BMS Performance\CSV\BMS Users.csv
2023-06-22 15:22:38,169 INFO o.a.j.g.u.JMeterMenuBar: setRunning(false, *local*)
2023-06-22 15:23:22,706 INFO o.a.j.e.StandardJMeterEngine: Running the test!
2023-06-22 15:23:22,706 INFO o.a.j.s.SampleEvent: List of sample_variables: []
2023-06-22 15:23:22,717 INFO o.a.j.g.u.JMeterMenuBar: setRunning(true, *local*)
2023-06-22 15:23:22,884 INFO o.a.j.e.StandardJMeterEngine: Starting ThreadGroup: 1 : Scenario-4
2023-06-22 15:23:22,884 INFO o.a.j.e.StandardJMeterEngine: Starting 1 threads for group Scenario-4.
2023-06-22 15:23:22,884 INFO o.a.j.e.StandardJMeterEngine: Thread will continue on error
2023-06-22 15:23:22,884 INFO o.a.j.t.ThreadGroup: Starting thread group... number=1 threads=1 ramp-up=5 delayedStart=false
2023-06-22 15:23:22,886 INFO o.a.j.t.ThreadGroup: Started thread group number 1
2023-06-22 15:23:22,886 INFO o.a.j.e.StandardJMeterEngine: All thread groups have been started
2023-06-22 15:23:22,887 INFO o.a.j.t.JMeterThread: Thread started: Scenario-4 1-1
2023-06-22 15:23:24,084 INFO o.a.j.s.FileServer: Stored: C:\Users\RAC IT\Desktop\BMS Performance\CSV\BMS Users.csv
2023-06-22 15:23:41,790 INFO o.a.j.t.JMeterThread: Thread is done: Scenario-4 1-1
2023-06-22 15:23:41,790 INFO o.a.j.t.JMeterThread: Thread finished: Scenario-4 1-1
2023-06-22 15:23:42,422 INFO o.a.j.e.StandardJMeterEngine: Notifying test listeners of end of test
2023-06-22 15:23:42,423 INFO o.a.j.s.FileServer: Close: C:\Users\RAC IT\Desktop\BMS Performance\CSV\BMS Users.csv
2023-06-22 15:23:42,424 INFO o.a.j.g.u.JMeterMenuBar: setRunning(false, *local*)
2023-06-22 15:24:06,167 INFO o.a.j.e.StandardJMeterEngine: Running the test!
2023-06-22 15:24:06,169 INFO o.a.j.s.SampleEvent: List of sample_variables: []
2023-06-22 15:24:06,189 INFO o.a.j.g.u.JMeterMenuBar: setRunning(true, *local*)
2023-06-22 15:24:06,343 INFO o.a.j.e.StandardJMeterEngine: Starting ThreadGroup: 1 : Scenario-4
2023-06-22 15:24:06,343 INFO o.a.j.e.StandardJMeterEngine: Starting 1 threads for group Scenario-4.
2023-06-22 15:24:06,343 INFO o.a.j.e.StandardJMeterEngine: Thread will continue on error
2023-06-22 15:24:06,343 INFO o.a.j.t.ThreadGroup: Starting thread group... number=1 threads=1 ramp-up=1 delayedStart=false
2023-06-22 15:24:06,345 INFO o.a.j.t.ThreadGroup: Started thread group number 1
2023-06-22 15:24:06,346 INFO o.a.j.e.StandardJMeterEngine: All thread groups have been started
2023-06-22 15:24:06,346 INFO o.a.j.t.JMeterThread: Thread started: Scenario-4 1-1
2023-06-22 15:24:07,612 INFO o.a.j.s.FileServer: Stored: C:\Users\RAC IT\Desktop\BMS Performance\CSV\BMS Users.csv
2023-06-22 15:24:25,333 INFO o.a.j.t.JMeterThread: Thread is done: Scenario-4 1-1
2023-06-22 15:24:25,333 INFO o.a.j.t.JMeterThread: Thread finished: Scenario-4 1-1
2023-06-22 15:24:25,980 INFO o.a.j.e.StandardJMeterEngine: Notifying test listeners of end of test
2023-06-22 15:24:25,980 INFO o.a.j.s.FileServer: Close: C:\Users\RAC IT\Desktop\BMS Performance\CSV\BMS Users.csv
2023-06-22 15:24:25,982 INFO o.a.j.g.u.JMeterMenuBar: setRunning(false, *local*)
2023-06-22 15:25:01,208 INFO o.a.j.e.StandardJMeterEngine: Running the test!
2023-06-22 15:25:01,208 INFO o.a.j.s.SampleEvent: List of sample_variables: []
2023-06-22 15:25:01,220 INFO o.a.j.g.u.JMeterMenuBar: setRunning(true, *local*)
2023-06-22 15:25:01,389 INFO o.a.j.e.StandardJMeterEngine: Starting ThreadGroup: 1 : Scenario-1
2023-06-22 15:25:01,390 INFO o.a.j.e.StandardJMeterEngine: Starting 1 threads for group Scenario-1.
2023-06-22 15:25:01,390 INFO o.a.j.e.StandardJMeterEngine: Thread will continue on error
2023-06-22 15:25:01,390 INFO o.a.j.t.ThreadGroup: Starting thread group... number=1 threads=1 ramp-up=1 delayedStart=false
2023-06-22 15:25:01,391 INFO o.a.j.t.ThreadGroup: Started thread group number 1
2023-06-22 15:25:01,391 INFO o.a.j.e.StandardJMeterEngine: All thread groups have been started
2023-06-22 15:25:01,391 INFO o.a.j.t.JMeterThread: Thread started: Scenario-1 1-1
2023-06-22 15:25:02,751 INFO o.a.j.s.FileServer: Stored: C:\Users\RAC IT\Desktop\BMS Performance\CSV\BMS Users.csv
2023-06-22 15:25:17,130 INFO o.a.j.t.JMeterThread: Thread is done: Scenario-1 1-1
2023-06-22 15:25:17,130 INFO o.a.j.t.JMeterThread: Thread finished: Scenario-1 1-1
2023-06-22 15:25:17,773 INFO o.a.j.e.StandardJMeterEngine: Notifying test listeners of end of test
2023-06-22 15:25:17,773 INFO o.a.j.s.FileServer: Close: C:\Users\RAC IT\Desktop\BMS Performance\CSV\BMS Users.csv
2023-06-22 15:25:17,775 INFO o.a.j.g.u.JMeterMenuBar: setRunning(false, *local*)
2023-06-22 15:26:15,972 INFO o.a.j.e.StandardJMeterEngine: Running the test!
2023-06-22 15:26:15,972 INFO o.a.j.s.SampleEvent: List of sample_variables: []
2023-06-22 15:26:16,016 INFO o.a.j.g.u.JMeterMenuBar: setRunning(true, *local*)
2023-06-22 15:26:16,188 INFO o.a.j.e.StandardJMeterEngine: Starting ThreadGroup: 1 : Scenario-1
2023-06-22 15:26:16,188 INFO o.a.j.e.StandardJMeterEngine: Starting 1 threads for group Scenario-1.
2023-06-22 15:26:16,188 INFO o.a.j.e.StandardJMeterEngine: Thread will continue on error
2023-06-22 15:26:16,189 INFO o.a.j.t.ThreadGroup: Starting thread group... number=1 threads=1 ramp-up=1 delayedStart=false
2023-06-22 15:26:16,190 INFO o.a.j.t.ThreadGroup: Started thread group number 1
2023-06-22 15:26:16,190 INFO o.a.j.e.StandardJMeterEngine: Starting ThreadGroup: 2 : Scenario-2
2023-06-22 15:26:16,190 INFO o.a.j.e.StandardJMeterEngine: Starting 1 threads for group Scenario-2.
2023-06-22 15:26:16,190 INFO o.a.j.e.StandardJMeterEngine: Thread will continue on error
2023-06-22 15:26:16,190 INFO o.a.j.t.ThreadGroup: Starting thread group... number=2 threads=1 ramp-up=1 delayedStart=false
2023-06-22 15:26:16,190 INFO o.a.j.t.JMeterThread: Thread started: Scenario-1 1-1
2023-06-22 15:26:16,191 INFO o.a.j.t.ThreadGroup: Started thread group number 2
2023-06-22 15:26:16,191 INFO o.a.j.e.StandardJMeterEngine: Starting ThreadGroup: 3 : Scenario-3
2023-06-22 15:26:16,191 INFO o.a.j.e.StandardJMeterEngine: Starting 1 threads for group Scenario-3.
2023-06-22 15:26:16,191 INFO o.a.j.e.StandardJMeterEngine: Thread will continue on error
2023-06-22 15:26:16,193 INFO o.a.j.t.ThreadGroup: Starting thread group... number=3 threads=1 ramp-up=1 delayedStart=false
2023-06-22 15:26:16,194 INFO o.a.j.t.JMeterThread: Thread started: Scenario-2 2-1
2023-06-22 15:26:16,197 INFO o.a.j.t.ThreadGroup: Started thread group number 3
2023-06-22 15:26:16,197 INFO o.a.j.e.StandardJMeterEngine: Starting ThreadGroup: 4 : Scenario-4
2023-06-22 15:26:16,197 INFO o.a.j.e.StandardJMeterEngine: Starting 1 threads for group Scenario-4.
2023-06-22 15:26:16,198 INFO o.a.j.e.StandardJMeterEngine: Thread will continue on error
2023-06-22 15:26:16,198 INFO o.a.j.t.ThreadGroup: Starting thread group... number=4 threads=1 ramp-up=1 delayedStart=false
2023-06-22 15:26:16,198 INFO o.a.j.t.JMeterThread: Thread started: Scenario-3 3-1
2023-06-22 15:26:16,200 INFO o.a.j.t.ThreadGroup: Started thread group number 4
2023-06-22 15:26:16,200 INFO o.a.j.e.StandardJMeterEngine: All thread groups have been started
2023-06-22 15:26:16,200 INFO o.a.j.t.JMeterThread: Thread started: Scenario-4 4-1
2023-06-22 15:26:18,439 INFO o.a.j.s.FileServer: Stored: C:\Users\RAC IT\Desktop\BMS Performance\CSV\BMS Users.csv
2023-06-22 15:26:34,396 INFO o.a.j.t.JMeterThread: Thread is done: Scenario-1 1-1
2023-06-22 15:26:34,396 INFO o.a.j.t.JMeterThread: Thread finished: Scenario-1 1-1
2023-06-22 15:26:36,900 INFO o.a.j.t.JMeterThread: Thread is done: Scenario-4 4-1
2023-06-22 15:26:36,900 INFO o.a.j.t.JMeterThread: Thread finished: Scenario-4 4-1
2023-06-22 15:26:44,516 INFO o.a.j.t.JMeterThread: Thread is done: Scenario-2 2-1
2023-06-22 15:26:44,516 INFO o.a.j.t.JMeterThread: Thread finished: Scenario-2 2-1
2023-06-22 15:26:57,605 INFO o.a.j.t.JMeterThread: Thread is done: Scenario-3 3-1
2023-06-22 15:26:57,606 INFO o.a.j.t.JMeterThread: Thread finished: Scenario-3 3-1
2023-06-22 15:26:58,235 INFO o.a.j.e.StandardJMeterEngine: Notifying test listeners of end of test
2023-06-22 15:26:58,236 INFO o.a.j.s.FileServer: Close: C:\Users\RAC IT\Desktop\BMS Performance\CSV\BMS Users.csv
2023-06-22 15:26:58,237 INFO o.a.j.g.u.JMeterMenuBar: setRunning(false, *local*)
2023-06-22 15:29:17,974 INFO o.a.j.e.StandardJMeterEngine: Running the test!
2023-06-22 15:29:17,974 INFO o.a.j.s.SampleEvent: List of sample_variables: []
2023-06-22 15:29:17,985 INFO o.a.j.g.u.JMeterMenuBar: setRunning(true, *local*)
2023-06-22 15:29:18,291 INFO o.a.j.e.StandardJMeterEngine: Starting ThreadGroup: 1 : Scenario-5
2023-06-22 15:29:18,291 INFO o.a.j.e.StandardJMeterEngine: Starting 1 threads for group Scenario-5.
2023-06-22 15:29:18,291 INFO o.a.j.e.StandardJMeterEngine: Thread will continue on error
2023-06-22 15:29:18,291 INFO o.a.j.t.ThreadGroup: Starting thread group... number=1 threads=1 ramp-up=1 delayedStart=false
2023-06-22 15:29:18,293 INFO o.a.j.t.ThreadGroup: Started thread group number 1
2023-06-22 15:29:18,293 INFO o.a.j.e.StandardJMeterEngine: All thread groups have been started
2023-06-22 15:29:18,293 INFO o.a.j.t.JMeterThread: Thread started: Scenario-5 1-1
2023-06-22 15:29:19,574 INFO o.a.j.s.FileServer: Stored: C:\Users\RAC IT\Desktop\BMS Performance\CSV\BMS Users.csv
2023-06-22 15:31:58,830 ERROR c.g.j.p.w.s.WebDriverSampler: org.openqa.selenium.TimeoutException: Expected condition failed: waiting for visibility of element located by By.xpath: //span[text()='Available Trees:'] (tried for 70 second(s) with 500 milliseconds interval) in <eval> at line number 79 at column number 4
2023-06-22 15:31:58,831 INFO o.a.j.t.JMeterThread: Thread is done: Scenario-5 1-1
2023-06-22 15:31:58,831 INFO o.a.j.t.JMeterThread: Thread finished: Scenario-5 1-1
2023-06-22 15:31:59,578 INFO o.a.j.e.StandardJMeterEngine: Notifying test listeners of end of test
2023-06-22 15:31:59,578 INFO o.a.j.s.FileServer: Close: C:\Users\RAC IT\Desktop\BMS Performance\CSV\BMS Users.csv
2023-06-22 15:31:59,578 INFO o.a.j.g.u.JMeterMenuBar: setRunning(false, *local*)
2023-06-22 15:33:56,844 INFO o.a.j.e.StandardJMeterEngine: Running the test!
2023-06-22 15:33:56,844 INFO o.a.j.s.SampleEvent: List of sample_variables: []
2023-06-22 15:33:56,857 INFO o.a.j.g.u.JMeterMenuBar: setRunning(true, *local*)
2023-06-22 15:33:57,092 INFO o.a.j.e.StandardJMeterEngine: Starting ThreadGroup: 1 : Scenario-5
2023-06-22 15:33:57,092 INFO o.a.j.e.StandardJMeterEngine: Starting 1 threads for group Scenario-5.
2023-06-22 15:33:57,092 INFO o.a.j.e.StandardJMeterEngine: Thread will continue on error
2023-06-22 15:33:57,092 INFO o.a.j.t.ThreadGroup: Starting thread group... number=1 threads=1 ramp-up=1 delayedStart=false
2023-06-22 15:33:57,096 INFO o.a.j.t.ThreadGroup: Started thread group number 1
2023-06-22 15:33:57,096 INFO o.a.j.e.StandardJMeterEngine: All thread groups have been started
2023-06-22 15:33:57,097 INFO o.a.j.t.JMeterThread: Thread started: Scenario-5 1-1
2023-06-22 15:33:58,340 INFO o.a.j.s.FileServer: Stored: C:\Users\RAC IT\Desktop\BMS Performance\CSV\BMS Users.csv
2023-06-22 15:37:43,039 ERROR c.g.j.p.w.s.WebDriverSampler: org.openqa.selenium.TimeoutException: Expected condition failed: waiting for visibility of element located by By.xpath: //span[text()='Available Trees:'] (tried for 70 second(s) with 500 milliseconds interval) in <eval> at line number 79 at column number 4
2023-06-22 15:37:43,040 INFO o.a.j.t.JMeterThread: Thread is done: Scenario-5 1-1
2023-06-22 15:37:43,040 INFO o.a.j.t.JMeterThread: Thread finished: Scenario-5 1-1
2023-06-22 15:37:43,720 INFO o.a.j.e.StandardJMeterEngine: Notifying test listeners of end of test
2023-06-22 15:37:43,720 INFO o.a.j.s.FileServer: Close: C:\Users\RAC IT\Desktop\BMS Performance\CSV\BMS Users.csv
2023-06-22 15:37:43,722 INFO o.a.j.g.u.JMeterMenuBar: setRunning(false, *local*)
2023-06-22 15:41:52,600 INFO o.a.j.e.StandardJMeterEngine: Running the test!
2023-06-22 15:41:52,600 INFO o.a.j.s.SampleEvent: List of sample_variables: []
2023-06-22 15:41:52,611 INFO o.a.j.g.u.JMeterMenuBar: setRunning(true, *local*)
2023-06-22 15:41:52,774 INFO o.a.j.e.StandardJMeterEngine: Starting ThreadGroup: 1 : Scenario-5
2023-06-22 15:41:52,774 INFO o.a.j.e.StandardJMeterEngine: Starting 1 threads for group Scenario-5.
2023-06-22 15:41:52,774 INFO o.a.j.e.StandardJMeterEngine: Thread will continue on error
2023-06-22 15:41:52,774 INFO o.a.j.t.ThreadGroup: Starting thread group... number=1 threads=1 ramp-up=1 delayedStart=false
2023-06-22 15:41:52,776 INFO o.a.j.t.ThreadGroup: Started thread group number 1
2023-06-22 15:41:52,776 INFO o.a.j.e.StandardJMeterEngine: All thread groups have been started
2023-06-22 15:41:52,778 INFO o.a.j.t.JMeterThread: Thread started: Scenario-5 1-1
2023-06-22 15:41:54,174 INFO o.a.j.s.FileServer: Stored: C:\Users\RAC IT\Desktop\BMS Performance\CSV\BMS Users.csv
2023-06-22 15:42:53,284 INFO o.a.j.g.a.Start: Stopping test
2023-06-22 15:42:53,294 INFO o.a.j.t.JMeterThread: Stopping: Scenario-5 1-1
2023-06-22 15:42:53,294 WARN o.a.j.t.JMeterThread: Sampler is not Interruptible: Send Command
2023-06-22 15:42:53,294 ERROR c.g.j.p.w.s.WebDriverSampler: java.lang.InterruptedException: sleep interrupted
Build info: version: '3.14.0', revision: 'aacccce0', time: '2018-08-02T20:19:58.91Z'
System info: host: 'DESKTOP-J9MPAVI', ip: '10.254.152.98', os.name: 'Windows 11', os.arch: 'amd64', os.version: '10.0', java.version: '1.8.0_371'
Driver info: driver.version: unknown
2023-06-22 15:42:53,295 INFO o.a.j.t.JMeterThread: Thread is done: Scenario-5 1-1
2023-06-22 15:42:53,295 INFO o.a.j.t.JMeterThread: Thread finished: Scenario-5 1-1
2023-06-22 15:42:53,921 INFO o.a.j.e.StandardJMeterEngine: Notifying test listeners of end of test
2023-06-22 15:42:53,923 INFO o.a.j.s.FileServer: Close: C:\Users\RAC IT\Desktop\BMS Performance\CSV\BMS Users.csv
2023-06-22 15:42:53,924 INFO o.a.j.g.u.JMeterMenuBar: setRunning(false, *local*)
2023-06-22 15:42:59,394 INFO o.a.j.e.StandardJMeterEngine: Running the test!
2023-06-22 15:42:59,394 INFO o.a.j.s.SampleEvent: List of sample_variables: []
2023-06-22 15:42:59,404 INFO o.a.j.g.u.JMeterMenuBar: setRunning(true, *local*)
2023-06-22 15:42:59,605 INFO o.a.j.e.StandardJMeterEngine: Starting ThreadGroup: 1 : Scenario-5
2023-06-22 15:42:59,605 INFO o.a.j.e.StandardJMeterEngine: Starting 1 threads for group Scenario-5.
2023-06-22 15:42:59,605 INFO o.a.j.e.StandardJMeterEngine: Thread will continue on error
2023-06-22 15:42:59,605 INFO o.a.j.t.ThreadGroup: Starting thread group... number=1 threads=1 ramp-up=1 delayedStart=false
2023-06-22 15:42:59,606 INFO o.a.j.t.ThreadGroup: Started thread group number 1
2023-06-22 15:42:59,606 INFO o.a.j.e.StandardJMeterEngine: All thread groups have been started
2023-06-22 15:42:59,607 INFO o.a.j.t.JMeterThread: Thread started: Scenario-5 1-1
2023-06-22 15:43:00,860 INFO o.a.j.s.FileServer: Stored: C:\Users\RAC IT\Desktop\BMS Performance\CSV\BMS Users.csv
2023-06-22 15:44:18,537 INFO o.a.j.g.a.Start: Stopping test
2023-06-22 15:44:18,544 INFO o.a.j.t.JMeterThread: Stopping: Scenario-5 1-1
2023-06-22 15:44:18,544 WARN o.a.j.t.JMeterThread: Sampler is not Interruptible: Send Command
2023-06-22 15:44:18,545 ERROR c.g.j.p.w.s.WebDriverSampler: java.lang.InterruptedException: sleep interrupted
Build info: version: '3.14.0', revision: 'aacccce0', time: '2018-08-02T20:19:58.91Z'
System info: host: 'DESKTOP-J9MPAVI', ip: '10.254.152.98', os.name: 'Windows 11', os.arch: 'amd64', os.version: '10.0', java.version: '1.8.0_371'
Driver info: driver.version: unknown
2023-06-22 15:44:18,545 INFO o.a.j.t.JMeterThread: Thread is done: Scenario-5 1-1
2023-06-22 15:44:18,545 INFO o.a.j.t.JMeterThread: Thread finished: Scenario-5 1-1
2023-06-22 15:44:19,123 INFO o.a.j.e.StandardJMeterEngine: Notifying test listeners of end of test
2023-06-22 15:44:19,124 INFO o.a.j.s.FileServer: Close: C:\Users\RAC IT\Desktop\BMS Performance\CSV\BMS Users.csv
2023-06-22 15:44:19,125 INFO o.a.j.g.u.JMeterMenuBar: setRunning(false, *local*)
2023-06-22 15:49:59,667 INFO o.a.j.e.StandardJMeterEngine: Running the test!
2023-06-22 15:49:59,667 INFO o.a.j.s.SampleEvent: List of sample_variables: []
2023-06-22 15:49:59,679 INFO o.a.j.g.u.JMeterMenuBar: setRunning(true, *local*)
2023-06-22 15:50:00,000 INFO o.a.j.e.StandardJMeterEngine: Starting ThreadGroup: 1 : Scenario-5
2023-06-22 15:50:00,000 INFO o.a.j.e.StandardJMeterEngine: Starting 1 threads for group Scenario-5.
2023-06-22 15:50:00,000 INFO o.a.j.e.StandardJMeterEngine: Thread will continue on error
2023-06-22 15:50:00,000 INFO o.a.j.t.ThreadGroup: Starting thread group... number=1 threads=1 ramp-up=1 delayedStart=false
2023-06-22 15:50:00,002 INFO o.a.j.t.ThreadGroup: Started thread group number 1
2023-06-22 15:50:00,002 INFO o.a.j.e.StandardJMeterEngine: All thread groups have been started
2023-06-22 15:50:00,004 INFO o.a.j.t.JMeterThread: Thread started: Scenario-5 1-1
2023-06-22 15:50:01,245 INFO o.a.j.s.FileServer: Stored: C:\Users\RAC IT\Desktop\BMS Performance\CSV\BMS Users.csv
2023-06-22 15:50:38,939 ERROR c.g.j.p.w.s.WebDriverSampler: no such element: Unable to locate element: {"method":"xpath","selector":"//iframe[@id='frame_wg92z6kvn']"}
  (Session info: chrome=114.0.5735.134)
For documentation on this error, please visit: http://seleniumhq.org/exceptions/no_such_element.html
Build info: version: '3.14.0', revision: 'aacccce0', time: '2018-08-02T20:19:58.91Z'
System info: host: 'DESKTOP-J9MPAVI', ip: '10.254.152.98', os.name: 'Windows 11', os.arch: 'amd64', os.version: '10.0', java.version: '1.8.0_371'
Driver info: org.openqa.selenium.chrome.ChromeDriver
Capabilities {acceptInsecureCerts: false, browserName: chrome, browserVersion: 114.0.5735.134, chrome: {chromedriverVersion: 113.0.5672.63 (0e1a4471d5ae..., userDataDir: C:\Users\RACIT~1\AppData\Lo...}, goog:chromeOptions: {debuggerAddress: localhost:51461}, javascriptEnabled: true, networkConnectionEnabled: false, pageLoadStrategy: normal, platform: WINDOWS, platformName: WINDOWS, proxy: Proxy(system), setWindowRect: true, strictFileInteractability: false, timeouts: {implicit: 0, pageLoad: 300000, script: 30000}, unhandledPromptBehavior: dismiss and notify, webauthn:extension:credBlob: true, webauthn:extension:largeBlob: true, webauthn:extension:minPinLength: true, webauthn:extension:prf: true, webauthn:virtualAuthenticators: true}
Session ID: ae026226f12c3e1f355d5548e0454fff
*** Element info: {Using=xpath, value=//iframe[@id='frame_wg92z6kvn']}
2023-06-22 15:50:38,940 INFO o.a.j.t.JMeterThread: Thread is done: Scenario-5 1-1
2023-06-22 15:50:38,940 INFO o.a.j.t.JMeterThread: Thread finished: Scenario-5 1-1
2023-06-22 15:50:39,591 INFO o.a.j.e.StandardJMeterEngine: Notifying test listeners of end of test
2023-06-22 15:50:39,591 INFO o.a.j.s.FileServer: Close: C:\Users\RAC IT\Desktop\BMS Performance\CSV\BMS Users.csv
2023-06-22 15:50:39,592 INFO o.a.j.g.u.JMeterMenuBar: setRunning(false, *local*)
2023-06-22 15:53:56,209 INFO o.a.j.e.StandardJMeterEngine: Running the test!
2023-06-22 15:53:56,210 INFO o.a.j.s.SampleEvent: List of sample_variables: []
2023-06-22 15:53:56,222 INFO o.a.j.g.u.JMeterMenuBar: setRunning(true, *local*)
2023-06-22 15:53:56,440 INFO o.a.j.e.StandardJMeterEngine: Starting ThreadGroup: 1 : Scenario-5
2023-06-22 15:53:56,440 INFO o.a.j.e.StandardJMeterEngine: Starting 1 threads for group Scenario-5.
2023-06-22 15:53:56,440 INFO o.a.j.e.StandardJMeterEngine: Thread will continue on error
2023-06-22 15:53:56,440 INFO o.a.j.t.ThreadGroup: Starting thread group... number=1 threads=1 ramp-up=1 delayedStart=false
2023-06-22 15:53:56,442 INFO o.a.j.t.ThreadGroup: Started thread group number 1
2023-06-22 15:53:56,442 INFO o.a.j.e.StandardJMeterEngine: All thread groups have been started
2023-06-22 15:53:56,442 INFO o.a.j.t.JMeterThread: Thread started: Scenario-5 1-1
2023-06-22 15:53:57,729 INFO o.a.j.s.FileServer: Stored: C:\Users\RAC IT\Desktop\BMS Performance\CSV\BMS Users.csv
2023-06-22 15:55:46,838 ERROR c.g.j.p.w.s.WebDriverSampler: org.openqa.selenium.TimeoutException: Expected condition failed: waiting for visibility of element located by By.xpath: //img[@class='nav-tree-logo'] (tried for 70 second(s) with 500 milliseconds interval) in <eval> at line number 91 at column number 4
2023-06-22 15:55:46,838 INFO o.a.j.t.JMeterThread: Thread is done: Scenario-5 1-1
2023-06-22 15:55:46,838 INFO o.a.j.t.JMeterThread: Thread finished: Scenario-5 1-1
2023-06-22 15:55:47,508 INFO o.a.j.e.StandardJMeterEngine: Notifying test listeners of end of test
2023-06-22 15:55:47,509 INFO o.a.j.s.FileServer: Close: C:\Users\RAC IT\Desktop\BMS Performance\CSV\BMS Users.csv
2023-06-22 15:55:47,511 INFO o.a.j.g.u.JMeterMenuBar: setRunning(false, *local*)
2023-06-22 15:59:48,536 INFO o.a.j.e.StandardJMeterEngine: Running the test!
2023-06-22 15:59:48,536 INFO o.a.j.s.SampleEvent: List of sample_variables: []
2023-06-22 15:59:48,547 INFO o.a.j.g.u.JMeterMenuBar: setRunning(true, *local*)
2023-06-22 15:59:48,796 INFO o.a.j.e.StandardJMeterEngine: Starting ThreadGroup: 1 : Scenario-5
2023-06-22 15:59:48,797 INFO o.a.j.e.StandardJMeterEngine: Starting 1 threads for group Scenario-5.
2023-06-22 15:59:48,797 INFO o.a.j.e.StandardJMeterEngine: Thread will continue on error
2023-06-22 15:59:48,797 INFO o.a.j.t.ThreadGroup: Starting thread group... number=1 threads=1 ramp-up=1 delayedStart=false
2023-06-22 15:59:48,798 INFO o.a.j.t.ThreadGroup: Started thread group number 1
2023-06-22 15:59:48,798 INFO o.a.j.e.StandardJMeterEngine: All thread groups have been started
2023-06-22 15:59:48,799 INFO o.a.j.t.JMeterThread: Thread started: Scenario-5 1-1
2023-06-22 15:59:50,073 INFO o.a.j.s.FileServer: Stored: C:\Users\RAC IT\Desktop\BMS Performance\CSV\BMS Users.csv
2023-06-22 16:00:31,684 INFO o.a.j.t.JMeterThread: Thread is done: Scenario-5 1-1
2023-06-22 16:00:31,684 INFO o.a.j.t.JMeterThread: Thread finished: Scenario-5 1-1
2023-06-22 16:00:32,450 INFO o.a.j.e.StandardJMeterEngine: Notifying test listeners of end of test
2023-06-22 16:00:32,450 INFO o.a.j.s.FileServer: Close: C:\Users\RAC IT\Desktop\BMS Performance\CSV\BMS Users.csv
2023-06-22 16:00:32,451 INFO o.a.j.g.u.JMeterMenuBar: setRunning(false, *local*)
2023-06-22 16:01:30,343 INFO o.a.j.e.StandardJMeterEngine: Running the test!
2023-06-22 16:01:30,344 INFO o.a.j.s.SampleEvent: List of sample_variables: []
2023-06-22 16:01:30,358 INFO o.a.j.g.u.JMeterMenuBar: setRunning(true, *local*)
2023-06-22 16:01:30,598 INFO o.a.j.e.StandardJMeterEngine: Starting ThreadGroup: 1 : Scenario-5
2023-06-22 16:01:30,598 INFO o.a.j.e.StandardJMeterEngine: Starting 1 threads for group Scenario-5.
2023-06-22 16:01:30,598 INFO o.a.j.e.StandardJMeterEngine: Thread will continue on error
2023-06-22 16:01:30,598 INFO o.a.j.t.ThreadGroup: Starting thread group... number=1 threads=1 ramp-up=1 delayedStart=false
2023-06-22 16:01:30,600 INFO o.a.j.t.ThreadGroup: Started thread group number 1
2023-06-22 16:01:30,600 INFO o.a.j.e.StandardJMeterEngine: All thread groups have been started
2023-06-22 16:01:30,600 INFO o.a.j.t.JMeterThread: Thread started: Scenario-5 1-1
2023-06-22 16:01:31,908 INFO o.a.j.s.FileServer: Stored: C:\Users\RAC IT\Desktop\BMS Performance\CSV\BMS Users.csv
2023-06-22 16:02:16,643 INFO o.a.j.t.JMeterThread: Thread is done: Scenario-5 1-1
2023-06-22 16:02:16,643 INFO o.a.j.t.JMeterThread: Thread finished: Scenario-5 1-1
2023-06-22 16:02:17,379 INFO o.a.j.e.StandardJMeterEngine: Notifying test listeners of end of test
2023-06-22 16:02:17,379 INFO o.a.j.s.FileServer: Close: C:\Users\RAC IT\Desktop\BMS Performance\CSV\BMS Users.csv
2023-06-22 16:02:17,381 INFO o.a.j.g.u.JMeterMenuBar: setRunning(false, *local*)
2023-06-22 16:05:36,189 INFO o.a.j.e.StandardJMeterEngine: Running the test!
2023-06-22 16:05:36,189 INFO o.a.j.s.SampleEvent: List of sample_variables: []
2023-06-22 16:05:36,203 INFO o.a.j.g.u.JMeterMenuBar: setRunning(true, *local*)
2023-06-22 16:05:36,451 INFO o.a.j.e.StandardJMeterEngine: Starting ThreadGroup: 1 : Scenario-5
2023-06-22 16:05:36,451 INFO o.a.j.e.StandardJMeterEngine: Starting 1 threads for group Scenario-5.
2023-06-22 16:05:36,451 INFO o.a.j.e.StandardJMeterEngine: Thread will continue on error
2023-06-22 16:05:36,451 INFO o.a.j.t.ThreadGroup: Starting thread group... number=1 threads=1 ramp-up=1 delayedStart=false
2023-06-22 16:05:36,454 INFO o.a.j.t.ThreadGroup: Started thread group number 1
2023-06-22 16:05:36,454 INFO o.a.j.e.StandardJMeterEngine: All thread groups have been started
2023-06-22 16:05:36,455 INFO o.a.j.t.JMeterThread: Thread started: Scenario-5 1-1
2023-06-22 16:05:37,791 INFO o.a.j.s.FileServer: Stored: C:\Users\RAC IT\Desktop\BMS Performance\CSV\BMS Users.csv
2023-06-22 16:06:23,274 INFO o.a.j.t.JMeterThread: Thread is done: Scenario-5 1-1
2023-06-22 16:06:23,275 INFO o.a.j.t.JMeterThread: Thread finished: Scenario-5 1-1
2023-06-22 16:06:23,941 INFO o.a.j.e.StandardJMeterEngine: Notifying test listeners of end of test
2023-06-22 16:06:23,941 INFO o.a.j.s.FileServer: Close: C:\Users\RAC IT\Desktop\BMS Performance\CSV\BMS Users.csv
2023-06-22 16:06:23,942 INFO o.a.j.g.u.JMeterMenuBar: setRunning(false, *local*)
2023-06-22 16:06:51,317 INFO o.a.j.e.StandardJMeterEngine: Running the test!
2023-06-22 16:06:51,318 INFO o.a.j.s.SampleEvent: List of sample_variables: []
2023-06-22 16:06:51,332 INFO o.a.j.g.u.JMeterMenuBar: setRunning(true, *local*)
2023-06-22 16:06:51,526 INFO o.a.j.e.StandardJMeterEngine: Starting ThreadGroup: 1 : Scenario-5
2023-06-22 16:06:51,526 INFO o.a.j.e.StandardJMeterEngine: Starting 1 threads for group Scenario-5.
2023-06-22 16:06:51,526 INFO o.a.j.e.StandardJMeterEngine: Thread will continue on error
2023-06-22 16:06:51,526 INFO o.a.j.t.ThreadGroup: Starting thread group... number=1 threads=1 ramp-up=1 delayedStart=false
2023-06-22 16:06:51,528 INFO o.a.j.t.ThreadGroup: Started thread group number 1
2023-06-22 16:06:51,528 INFO o.a.j.e.StandardJMeterEngine: All thread groups have been started
2023-06-22 16:06:51,528 INFO o.a.j.t.JMeterThread: Thread started: Scenario-5 1-1
2023-06-22 16:06:52,828 INFO o.a.j.s.FileServer: Stored: C:\Users\RAC IT\Desktop\BMS Performance\CSV\BMS Users.csv
2023-06-22 16:07:43,531 INFO o.a.j.t.JMeterThread: Thread is done: Scenario-5 1-1
2023-06-22 16:07:43,531 INFO o.a.j.t.JMeterThread: Thread finished: Scenario-5 1-1
2023-06-22 16:07:44,238 INFO o.a.j.e.StandardJMeterEngine: Notifying test listeners of end of test
2023-06-22 16:07:44,238 INFO o.a.j.s.FileServer: Close: C:\Users\RAC IT\Desktop\BMS Performance\CSV\BMS Users.csv
2023-06-22 16:07:44,239 INFO o.a.j.g.u.JMeterMenuBar: setRunning(false, *local*)
2023-06-22 16:09:17,017 INFO o.a.j.e.StandardJMeterEngine: Running the test!
2023-06-22 16:09:17,018 INFO o.a.j.s.SampleEvent: List of sample_variables: []
2023-06-22 16:09:17,030 INFO o.a.j.g.u.JMeterMenuBar: setRunning(true, *local*)
2023-06-22 16:09:17,258 INFO o.a.j.e.StandardJMeterEngine: Starting ThreadGroup: 1 : Scenario-5
2023-06-22 16:09:17,258 INFO o.a.j.e.StandardJMeterEngine: Starting 1 threads for group Scenario-5.
2023-06-22 16:09:17,258 INFO o.a.j.e.StandardJMeterEngine: Thread will continue on error
2023-06-22 16:09:17,258 INFO o.a.j.t.ThreadGroup: Starting thread group... number=1 threads=1 ramp-up=1 delayedStart=false
2023-06-22 16:09:17,261 INFO o.a.j.t.ThreadGroup: Started thread group number 1
2023-06-22 16:09:17,261 INFO o.a.j.e.StandardJMeterEngine: All thread groups have been started
2023-06-22 16:09:17,262 INFO o.a.j.t.JMeterThread: Thread started: Scenario-5 1-1
2023-06-22 16:09:18,534 INFO o.a.j.s.FileServer: Stored: C:\Users\RAC IT\Desktop\BMS Performance\CSV\BMS Users.csv
2023-06-22 16:10:09,190 INFO o.a.j.t.JMeterThread: Thread is done: Scenario-5 1-1
2023-06-22 16:10:09,190 INFO o.a.j.t.JMeterThread: Thread finished: Scenario-5 1-1
2023-06-22 16:10:09,902 INFO o.a.j.e.StandardJMeterEngine: Notifying test listeners of end of test
2023-06-22 16:10:09,902 INFO o.a.j.s.FileServer: Close: C:\Users\RAC IT\Desktop\BMS Performance\CSV\BMS Users.csv
2023-06-22 16:10:09,905 INFO o.a.j.g.u.JMeterMenuBar: setRunning(false, *local*)
2023-06-22 16:19:54,687 INFO o.a.j.e.StandardJMeterEngine: Running the test!
2023-06-22 16:19:54,687 INFO o.a.j.s.SampleEvent: List of sample_variables: []
2023-06-22 16:19:54,700 INFO o.a.j.g.u.JMeterMenuBar: setRunning(true, *local*)
2023-06-22 16:19:55,016 INFO o.a.j.e.StandardJMeterEngine: Starting ThreadGroup: 1 : Scenario-5
2023-06-22 16:19:55,016 INFO o.a.j.e.StandardJMeterEngine: Starting 1 threads for group Scenario-5.
2023-06-22 16:19:55,016 INFO o.a.j.e.StandardJMeterEngine: Thread will continue on error
2023-06-22 16:19:55,016 INFO o.a.j.t.ThreadGroup: Starting thread group... number=1 threads=1 ramp-up=1 delayedStart=false
2023-06-22 16:19:55,018 INFO o.a.j.t.ThreadGroup: Started thread group number 1
2023-06-22 16:19:55,018 INFO o.a.j.e.StandardJMeterEngine: All thread groups have been started
2023-06-22 16:19:55,018 INFO o.a.j.t.JMeterThread: Thread started: Scenario-5 1-1
2023-06-22 16:19:56,330 INFO o.a.j.s.FileServer: Stored: C:\Users\RAC IT\Desktop\BMS Performance\CSV\BMS Users.csv
2023-06-22 16:20:47,368 INFO o.a.j.t.JMeterThread: Thread is done: Scenario-5 1-1
2023-06-22 16:20:47,368 INFO o.a.j.t.JMeterThread: Thread finished: Scenario-5 1-1
2023-06-22 16:20:48,066 INFO o.a.j.e.StandardJMeterEngine: Notifying test listeners of end of test
2023-06-22 16:20:48,066 INFO o.a.j.s.FileServer: Close: C:\Users\RAC IT\Desktop\BMS Performance\CSV\BMS Users.csv
2023-06-22 16:20:48,068 INFO o.a.j.g.u.JMeterMenuBar: setRunning(false, *local*)
2023-06-22 16:31:47,340 INFO o.a.j.e.StandardJMeterEngine: Running the test!
2023-06-22 16:31:47,340 INFO o.a.j.s.SampleEvent: List of sample_variables: []
2023-06-22 16:31:47,353 INFO o.a.j.g.u.JMeterMenuBar: setRunning(true, *local*)
2023-06-22 16:31:47,694 INFO o.a.j.e.StandardJMeterEngine: Starting ThreadGroup: 1 : Scenario-5
2023-06-22 16:31:47,694 INFO o.a.j.e.StandardJMeterEngine: Starting 1 threads for group Scenario-5.
2023-06-22 16:31:47,694 INFO o.a.j.e.StandardJMeterEngine: Thread will continue on error
2023-06-22 16:31:47,694 INFO o.a.j.t.ThreadGroup: Starting thread group... number=1 threads=1 ramp-up=1 delayedStart=false
2023-06-22 16:31:47,697 INFO o.a.j.t.ThreadGroup: Started thread group number 1
2023-06-22 16:31:47,697 INFO o.a.j.e.StandardJMeterEngine: All thread groups have been started
2023-06-22 16:31:47,698 INFO o.a.j.t.JMeterThread: Thread started: Scenario-5 1-1
2023-06-22 16:31:48,954 INFO o.a.j.s.FileServer: Stored: C:\Users\RAC IT\Desktop\BMS Performance\CSV\BMS Users.csv
2023-06-22 16:33:24,133 INFO o.a.j.g.a.Start: Stopping test
2023-06-22 16:33:24,141 INFO o.a.j.t.JMeterThread: Stopping: Scenario-5 1-1
2023-06-22 16:33:24,141 WARN o.a.j.t.JMeterThread: Sampler is not Interruptible: Graphics Screen
2023-06-22 16:33:24,144 ERROR c.g.j.p.w.s.WebDriverSampler: java.io.InterruptedIOException: thread interrupted
Build info: version: '3.14.0', revision: 'aacccce0', time: '2018-08-02T20:19:58.91Z'
System info: host: 'DESKTOP-J9MPAVI', ip: '10.254.152.98', os.name: 'Windows 11', os.arch: 'amd64', os.version: '10.0', java.version: '1.8.0_371'
Driver info: driver.version: RemoteWebDriver
2023-06-22 16:33:24,144 INFO o.a.j.t.JMeterThread: Thread is done: Scenario-5 1-1
2023-06-22 16:33:24,144 INFO o.a.j.t.JMeterThread: Thread finished: Scenario-5 1-1
2023-06-22 16:33:24,769 INFO o.a.j.e.StandardJMeterEngine: Notifying test listeners of end of test
2023-06-22 16:33:24,769 INFO o.a.j.s.FileServer: Close: C:\Users\RAC IT\Desktop\BMS Performance\CSV\BMS Users.csv
2023-06-22 16:33:24,769 INFO o.a.j.g.u.JMeterMenuBar: setRunning(false, *local*)
2023-06-22 16:34:53,395 INFO o.a.j.e.StandardJMeterEngine: Running the test!
2023-06-22 16:34:53,396 INFO o.a.j.s.SampleEvent: List of sample_variables: []
2023-06-22 16:34:53,408 INFO o.a.j.g.u.JMeterMenuBar: setRunning(true, *local*)
2023-06-22 16:34:53,740 INFO o.a.j.e.StandardJMeterEngine: Starting ThreadGroup: 1 : Scenario-5
2023-06-22 16:34:53,740 INFO o.a.j.e.StandardJMeterEngine: Starting 1 threads for group Scenario-5.
2023-06-22 16:34:53,740 INFO o.a.j.e.StandardJMeterEngine: Thread will continue on error
2023-06-22 16:34:53,740 INFO o.a.j.t.ThreadGroup: Starting thread group... number=1 threads=1 ramp-up=1 delayedStart=false
2023-06-22 16:34:53,742 INFO o.a.j.t.ThreadGroup: Started thread group number 1
2023-06-22 16:34:53,742 INFO o.a.j.e.StandardJMeterEngine: All thread groups have been started
2023-06-22 16:34:53,742 INFO o.a.j.t.JMeterThread: Thread started: Scenario-5 1-1
2023-06-22 16:34:55,030 INFO o.a.j.s.FileServer: Stored: C:\Users\RAC IT\Desktop\BMS Performance\CSV\BMS Users.csv
2023-06-22 16:35:41,212 INFO o.a.j.t.JMeterThread: Thread is done: Scenario-5 1-1
2023-06-22 16:35:41,212 INFO o.a.j.t.JMeterThread: Thread finished: Scenario-5 1-1
2023-06-22 16:35:41,882 INFO o.a.j.e.StandardJMeterEngine: Notifying test listeners of end of test
2023-06-22 16:35:41,882 INFO o.a.j.s.FileServer: Close: C:\Users\RAC IT\Desktop\BMS Performance\CSV\BMS Users.csv
2023-06-22 16:35:41,883 INFO o.a.j.g.u.JMeterMenuBar: setRunning(false, *local*)
2023-06-22 17:01:12,766 INFO o.a.j.e.StandardJMeterEngine: Running the test!
2023-06-22 17:01:12,767 INFO o.a.j.s.SampleEvent: List of sample_variables: []
2023-06-22 17:01:12,778 INFO o.a.j.g.u.JMeterMenuBar: setRunning(true, *local*)
2023-06-22 17:01:13,057 INFO o.a.j.e.StandardJMeterEngine: Starting ThreadGroup: 1 : Scenario-5
2023-06-22 17:01:13,057 INFO o.a.j.e.StandardJMeterEngine: Starting 1 threads for group Scenario-5.
2023-06-22 17:01:13,057 INFO o.a.j.e.StandardJMeterEngine: Thread will continue on error
2023-06-22 17:01:13,057 INFO o.a.j.t.ThreadGroup: Starting thread group... number=1 threads=1 ramp-up=1 delayedStart=false
2023-06-22 17:01:13,058 INFO o.a.j.t.ThreadGroup: Started thread group number 1
2023-06-22 17:01:13,060 INFO o.a.j.e.StandardJMeterEngine: All thread groups have been started
2023-06-22 17:01:13,061 INFO o.a.j.t.JMeterThread: Thread started: Scenario-5 1-1
2023-06-22 17:01:14,320 INFO o.a.j.s.FileServer: Stored: C:\Users\RAC IT\Desktop\BMS Performance\CSV\BMS Users.csv
2023-06-22 17:02:00,624 INFO o.a.j.t.JMeterThread: Thread is done: Scenario-5 1-1
2023-06-22 17:02:00,624 INFO o.a.j.t.JMeterThread: Thread finished: Scenario-5 1-1
2023-06-22 17:02:01,332 INFO o.a.j.e.StandardJMeterEngine: Notifying test listeners of end of test
2023-06-22 17:02:01,332 INFO o.a.j.s.FileServer: Close: C:\Users\RAC IT\Desktop\BMS Performance\CSV\BMS Users.csv
2023-06-22 17:02:01,333 INFO o.a.j.g.u.JMeterMenuBar: setRunning(false, *local*)
2023-06-22 17:02:36,122 INFO o.a.j.e.StandardJMeterEngine: Running the test!
2023-06-22 17:02:36,123 INFO o.a.j.s.SampleEvent: List of sample_variables: []
2023-06-22 17:02:36,134 INFO o.a.j.g.u.JMeterMenuBar: setRunning(true, *local*)
2023-06-22 17:02:36,422 INFO o.a.j.e.StandardJMeterEngine: Starting ThreadGroup: 1 : Scenario-5
2023-06-22 17:02:36,422 INFO o.a.j.e.StandardJMeterEngine: Starting 1 threads for group Scenario-5.
2023-06-22 17:02:36,422 INFO o.a.j.e.StandardJMeterEngine: Thread will continue on error
2023-06-22 17:02:36,422 INFO o.a.j.t.ThreadGroup: Starting thread group... number=1 threads=1 ramp-up=1 delayedStart=false
2023-06-22 17:02:36,424 INFO o.a.j.t.ThreadGroup: Started thread group number 1
2023-06-22 17:02:36,424 INFO o.a.j.e.StandardJMeterEngine: All thread groups have been started
2023-06-22 17:02:36,425 INFO o.a.j.t.JMeterThread: Thread started: Scenario-5 1-1
2023-06-22 17:02:37,769 INFO o.a.j.s.FileServer: Stored: C:\Users\RAC IT\Desktop\BMS Performance\CSV\BMS Users.csv
2023-06-22 17:03:24,128 INFO o.a.j.t.JMeterThread: Thread is done: Scenario-5 1-1
2023-06-22 17:03:24,128 INFO o.a.j.t.JMeterThread: Thread finished: Scenario-5 1-1
2023-06-22 17:03:24,802 INFO o.a.j.e.StandardJMeterEngine: Notifying test listeners of end of test
2023-06-22 17:03:24,802 INFO o.a.j.s.FileServer: Close: C:\Users\RAC IT\Desktop\BMS Performance\CSV\BMS Users.csv
2023-06-22 17:03:24,804 INFO o.a.j.g.u.JMeterMenuBar: setRunning(false, *local*)
2023-06-22 17:03:57,927 INFO o.a.j.g.a.LogLevelCommand: Setting root log level: ALL
2023-06-22 17:03:58,893 DEBUG o.a.j.g.GuiPackage: Updating current node Graphics Screen
2023-06-22 17:03:58,893 DEBUG o.a.j.g.GuiPackage: Gui retrieved = com.googlecode.jmeter.plugins.webdriver.sampler.gui.WebDriverSamplerGui[Graphics Screen,0,-93,1002x733,invalid,layout=java.awt.BorderLayout,alignmentX=0.0,alignmentY=0.0,border=javax.swing.border.EmptyBorder@1d1f0a0a,flags=9,maximumSize=,minimumSize=,preferredSize=]
2023-06-22 17:03:58,893 DEBUG o.a.j.g.AbstractJMeterGuiComponent: setting element to enabled: true
2023-06-22 17:03:58,894 DEBUG o.a.j.g.GuiPackage: Gui retrieved = com.googlecode.jmeter.plugins.webdriver.sampler.gui.WebDriverSamplerGui[Graphics Screen,0,-93,1002x733,invalid,layout=java.awt.BorderLayout,alignmentX=0.0,alignmentY=0.0,border=javax.swing.border.EmptyBorder@1d1f0a0a,flags=9,maximumSize=,minimumSize=,preferredSize=]
2023-06-22 17:03:58,923 INFO o.a.j.g.a.LogLevelCommand: Setting root log level: ALL
2023-06-22 17:04:06,994 DEBUG o.a.j.g.GuiPackage: Updating current node Graphics Screen
2023-06-22 17:04:06,994 DEBUG o.a.j.g.GuiPackage: Gui retrieved = com.googlecode.jmeter.plugins.webdriver.sampler.gui.WebDriverSamplerGui[Graphics Screen,0,-93,1002x733,invalid,layout=java.awt.BorderLayout,alignmentX=0.0,alignmentY=0.0,border=javax.swing.border.EmptyBorder@1d1f0a0a,flags=9,maximumSize=,minimumSize=,preferredSize=]
2023-06-22 17:04:06,994 DEBUG o.a.j.g.AbstractJMeterGuiComponent: setting element to enabled: true
2023-06-22 17:04:06,995 DEBUG o.a.j.g.GuiPackage: Gui retrieved = com.googlecode.jmeter.plugins.webdriver.sampler.gui.WebDriverSamplerGui[Graphics Screen,0,-93,1002x733,invalid,layout=java.awt.BorderLayout,alignmentX=0.0,alignmentY=0.0,border=javax.swing.border.EmptyBorder@1d1f0a0a,flags=9,maximumSize=,minimumSize=,preferredSize=]
2023-06-22 17:04:18,338 DEBUG o.a.j.g.GuiPackage: Updating current node Graphics Screen
2023-06-22 17:04:18,339 DEBUG o.a.j.g.GuiPackage: Gui retrieved = com.googlecode.jmeter.plugins.webdriver.sampler.gui.WebDriverSamplerGui[Graphics Screen,0,-93,1002x733,layout=java.awt.BorderLayout,alignmentX=0.0,alignmentY=0.0,border=javax.swing.border.EmptyBorder@1d1f0a0a,flags=9,maximumSize=,minimumSize=,preferredSize=]
2023-06-22 17:04:18,339 DEBUG o.a.j.g.AbstractJMeterGuiComponent: setting element to enabled: true
2023-06-22 17:04:18,339 DEBUG o.a.j.g.GuiPackage: Gui retrieved = com.googlecode.jmeter.plugins.webdriver.sampler.gui.WebDriverSamplerGui[Graphics Screen,0,-93,1002x733,layout=java.awt.BorderLayout,alignmentX=0.0,alignmentY=0.0,border=javax.swing.border.EmptyBorder@1d1f0a0a,flags=9,maximumSize=,minimumSize=,preferredSize=]
2023-06-22 17:04:18,369 INFO o.a.j.g.a.LogLevelCommand: Setting root log level: ERROR
2023-06-22 17:05:20,567 INFO o.a.j.e.StandardJMeterEngine: Running the test!
2023-06-22 17:05:20,567 INFO o.a.j.s.SampleEvent: List of sample_variables: []
2023-06-22 17:05:20,578 INFO o.a.j.g.u.JMeterMenuBar: setRunning(true, *local*)
2023-06-22 17:05:20,909 INFO o.a.j.e.StandardJMeterEngine: Starting ThreadGroup: 1 : Scenario-5
2023-06-22 17:05:20,909 INFO o.a.j.e.StandardJMeterEngine: Starting 1 threads for group Scenario-5.
2023-06-22 17:05:20,909 INFO o.a.j.e.StandardJMeterEngine: Thread will continue on error
2023-06-22 17:05:20,909 INFO o.a.j.t.ThreadGroup: Starting thread group... number=1 threads=1 ramp-up=1 delayedStart=false
2023-06-22 17:05:20,911 INFO o.a.j.t.ThreadGroup: Started thread group number 1
2023-06-22 17:05:20,911 INFO o.a.j.e.StandardJMeterEngine: All thread groups have been started
2023-06-22 17:05:20,912 INFO o.a.j.t.JMeterThread: Thread started: Scenario-5 1-1
2023-06-22 17:05:22,510 INFO o.a.j.s.FileServer: Stored: C:\Users\RAC IT\Desktop\BMS Performance\CSV\BMS Users.csv
2023-06-22 17:06:02,648 INFO c.g.j.p.w.s.WebDriverSampler: ***************************Null***************************
2023-06-22 17:06:04,300 INFO c.g.j.p.w.s.WebDriverSampler: ***************************Null***************************
2023-06-22 17:06:09,491 INFO o.a.j.t.JMeterThread: Thread is done: Scenario-5 1-1
2023-06-22 17:06:09,491 INFO o.a.j.t.JMeterThread: Thread finished: Scenario-5 1-1
2023-06-22 17:06:10,173 INFO o.a.j.e.StandardJMeterEngine: Notifying test listeners of end of test
2023-06-22 17:06:10,173 INFO o.a.j.s.FileServer: Close: C:\Users\RAC IT\Desktop\BMS Performance\CSV\BMS Users.csv
2023-06-22 17:06:10,175 INFO o.a.j.g.u.JMeterMenuBar: setRunning(false, *local*)
2023-06-22 17:06:51,434 INFO o.a.j.e.StandardJMeterEngine: Running the test!
2023-06-22 17:06:51,435 INFO o.a.j.s.SampleEvent: List of sample_variables: []
2023-06-22 17:06:51,450 INFO o.a.j.g.u.JMeterMenuBar: setRunning(true, *local*)
2023-06-22 17:06:51,739 INFO o.a.j.e.StandardJMeterEngine: Starting ThreadGroup: 1 : Scenario-5
2023-06-22 17:06:51,739 INFO o.a.j.e.StandardJMeterEngine: Starting 1 threads for group Scenario-5.
2023-06-22 17:06:51,739 INFO o.a.j.e.StandardJMeterEngine: Thread will continue on error
2023-06-22 17:06:51,739 INFO o.a.j.t.ThreadGroup: Starting thread group... number=1 threads=1 ramp-up=1 delayedStart=false
2023-06-22 17:06:51,742 INFO o.a.j.t.ThreadGroup: Started thread group number 1
2023-06-22 17:06:51,742 INFO o.a.j.e.StandardJMeterEngine: All thread groups have been started
2023-06-22 17:06:51,742 INFO o.a.j.t.JMeterThread: Thread started: Scenario-5 1-1
2023-06-22 17:06:53,032 INFO o.a.j.s.FileServer: Stored: C:\Users\RAC IT\Desktop\BMS Performance\CSV\BMS Users.csv
2023-06-22 17:07:39,170 INFO o.a.j.t.JMeterThread: Thread is done: Scenario-5 1-1
2023-06-22 17:07:39,170 INFO o.a.j.t.JMeterThread: Thread finished: Scenario-5 1-1
2023-06-22 17:07:39,854 INFO o.a.j.e.StandardJMeterEngine: Notifying test listeners of end of test
2023-06-22 17:07:39,854 INFO o.a.j.s.FileServer: Close: C:\Users\RAC IT\Desktop\BMS Performance\CSV\BMS Users.csv
2023-06-22 17:07:39,855 INFO o.a.j.g.u.JMeterMenuBar: setRunning(false, *local*)
